C51 COMPILER V9.60.0.0   SYSTEM_INIT                                                       06/04/2021 17:41:17 PAGE 1   


C51 COMPILER V9.60.0.0, COMPILATION OF MODULE SYSTEM_INIT
OBJECT MODULE PLACED IN .\Output\System_Init.obj
COMPILER INVOKED BY: C:\Keil_v5\C51\BIN\C51.EXE Code\System_Init.c OPTIMIZE(8,SPEED) BROWSE INCDIR(..\..\Include;.\Code\
                    -h_files) DEFINE(FOSC_160000) DEBUG OBJECTEXTEND PRINT(.\LST\System_Init.lst) OBJECT(.\Output\System_Init.obj)

line level    source

   1          #include "N76E003.h"
   2          #include "SFR_Macro.h"
   3          #include "Function_define.h"
   4          #include "Common.h"
   5          #include "Delay.h"
   6          
   7          void Voltage_Check(void)
   8          {
   9   1                              long Voltage_Temp;
  10   1                              clr_ADCF;
  11   1                              set_ADCS;                                                                                                                                       // Each time ADC start trig signal
  12   1            while(ADCF == 0);
  13   1                              Voltage_Temp = ADCRL;
  14   1                              
  15   1      }
  16          
  17          void System_Init(void)
  18          {
  19   1                      Enable_ADC_AIN5;                                                                                                                        //Set P17 as ADC input
  20   1                      Enable_ADC_BandGap;                                                                                                     //Find in "Function_define.h" - "ADC INIT"
  21   1      
  22   1      }
  23          
  24          void Self_Check(void)
  25          {
  26   1      
  27   1                      Voltage_Check();
  28   1      }
  29          
  30          void ADC_ISR (void) interrupt 11
  31          {
  32   1                      clr_ADCF;                               //clear ADC interrupt flag
  33   1              printf ("\n Value = 0x%bx",ADCRH);
  34   1      }


MODULE INFORMATION:   STATIC OVERLAYABLE
   CODE SIZE        =    123    ----
   CONSTANT SIZE    =     16    ----
   XDATA SIZE       =   ----    ----
   PDATA SIZE       =   ----    ----
   DATA SIZE        =   ----       4
   IDATA SIZE       =   ----    ----
   BIT SIZE         =   ----    ----
END OF MODULE INFORMATION.


C51 COMPILATION COMPLETE.  0 WARNING(S),  0 ERROR(S)
