C51 COMPILER V9.60.0.0   PUTCHAR                                                           06/04/2021 10:28:48 PAGE 1   


C51 COMPILER V9.60.0.0, COMPILATION OF MODULE PUTCHAR
OBJECT MODULE PLACED IN .\Output\PUTCHAR.obj
COMPILER INVOKED BY: C:\Keil_v5\C51\BIN\C51.EXE Code\PUTCHAR.C OPTIMIZE(4,SPEED) BROWSE INCDIR(..\..\Include) DEFINE(FOS
                    -C_160000) DEBUG OBJECTEXTEND PRINT(.\LST\PUTCHAR.lst) OBJECT(.\Output\PUTCHAR.obj)

line level    source

   1          /***********************************************************************/
   2          /*  This file is part of the C51 Compiler package                      */
   3          /*  Copyright KEIL ELEKTRONIK GmbH 1990 - 2002                         */
   4          /***********************************************************************/
   5          /*                                                                     */
   6          /*  PUTCHAR.C:  This routine is the general character output of C51.   */
   7          /*  You may add this file to a uVision2 project.                       */
   8          /*                                                                     */
   9          /*  To translate this file use C51 with the following invocation:      */
  10          /*     C51 PUTCHAR.C <memory model>                                    */
  11          /*                                                                     */
  12          /*  To link the modified PUTCHAR.OBJ file to your application use the  */
  13          /*  following Lx51 invocation:                                         */
  14          /*     Lx51 <your object file list>, PUTCHAR.OBJ <controls>            */
  15          /*                                                                     */
  16          /***********************************************************************/
  17          
  18          //#include <reg51.h>
  19          #include "N76E003.h"
  20          
  21          /****************************************************************************/
  22          /* Define putchar send from UART1, printf function will send from P1.6(TXD_1)
  23          /* NOTICE: Since UART1 pin is multi-function with OCD DATA/CLK pin.
  24          /* Suggest download than use run with realchip but not OCD mode.
  25          /****************************************************************************/
  26          
  27          /*
  28           * putchar (mini version): outputs charcter only
  29           */
  30          #if 0
              char putchar (char c)
              {
                              while (!TI_1);  /* wait until transmitter ready */
                              TI_1 = 0;
                              SBUF_1 = c;      /* output character */
                              return (c);
              }
              #else
  39          char putchar (char c)  {
  40   1        while (!TI);
  41   1        TI = 0;
  42   1        return (SBUF = c);
  43   1      }
  44          #endif


MODULE INFORMATION:   STATIC OVERLAYABLE
   CODE SIZE        =      8    ----
   CONSTANT SIZE    =   ----    ----
   XDATA SIZE       =   ----    ----
   PDATA SIZE       =   ----    ----
   DATA SIZE        =   ----    ----
   IDATA SIZE       =   ----    ----
   BIT SIZE         =   ----    ----
C51 COMPILER V9.60.0.0   PUTCHAR                                                           06/04/2021 10:28:48 PAGE 2   

END OF MODULE INFORMATION.


C51 COMPILATION COMPLETE.  0 WARNING(S),  0 ERROR(S)
