C51 COMPILER V9.60.0.0   ADC                                                               04/24/2022 11:40:46 PAGE 1   


C51 COMPILER V9.60.0.0, COMPILATION OF MODULE ADC
OBJECT MODULE PLACED IN .\Output\ADC.obj
COMPILER INVOKED BY: C:\Keil_v5\C51\BIN\C51.EXE Code\ADC.C COMPACT OPTIMIZE(0,SPEED) BROWSE INCDIR(..\Include) DEFINE(FO
                    -SC_160000) DEBUG OBJECTEXTEND PRINT(.\LST\ADC.lst) OBJECT(.\Output\ADC.obj)

line level    source

   1          #include "N76E003.h"
   2          #include "SFR_Macro.h"
   3          #include "Function_define.h"
   4          #include "Common.h"
   5          #include "Delay.h"
   6          #include "Motor_control.h"
   7          
   8          //*****************  The Following is in define in Fucntion_define.h  ***************************
   9          //****** Always include Function_define.h call the define you want, detail see main(void) *******
  10          //***********************************************************************************************
  11          
  12          /******************************************************************************
  13          The main C function.  Program execution starts
  14          here after stack initialization.
  15          ******************************************************************************/
  16          
  17          void main (void)
  18          {
  19   1              System_init();
  20   1              while(1)
  21   1              {
  22   2                      Movement_control();
  23   2              }
  24   1      }
  25          
  26          
  27          
  28          
  29          


MODULE INFORMATION:   STATIC OVERLAYABLE
   CODE SIZE        =      9    ----
   CONSTANT SIZE    =   ----    ----
   XDATA SIZE       =   ----    ----
   PDATA SIZE       =   ----    ----
   DATA SIZE        =   ----    ----
   IDATA SIZE       =   ----    ----
   BIT SIZE         =   ----    ----
END OF MODULE INFORMATION.


C51 COMPILATION COMPLETE.  0 WARNING(S),  0 ERROR(S)
