C51 COMPILER V9.60.0.0   PRINT_UART1                                                       04/08/2021 10:35:43 PAGE 1   


C51 COMPILER V9.60.0.0, COMPILATION OF MODULE PRINT_UART1
OBJECT MODULE PLACED IN .\Output\Print_UART1.obj
COMPILER INVOKED BY: C:\Keil_v5\C51\BIN\C51.EXE Code\Print_UART1.C OPTIMIZE(4,SPEED) BROWSE INCDIR(..\..\Include) DEFINE
                    -(FOSC_160000) DEBUG OBJECTEXTEND PRINT(.\LST\Print_UART1.lst) TABS(2) OBJECT(.\Output\Print_UART1.obj)

line level    source

   1          /*--------------------------------------------------------------------------------------------------------
             --*/
   2          /*                                                                                                        
             - */
   3          /* Copyright(c) 2017 Nuvoton Technology Corp. All rights reserved.                                        
             - */
   4          /*                                                                                                        
             - */
   5          /*--------------------------------------------------------------------------------------------------------
             --*/
   6          
   7          //********************************************************************************************************
             -***
   8          //  Website: http://www.nuvoton.com
   9          //  E-Mail : MicroC-8bit@nuvoton.com
  10          //  Date   : Jan/21/2017
  11          //********************************************************************************************************
             -***
  12          
  13          //********************************************************************************************************
             -***
  14          //  File Function: N76E003 GPIO demo code
  15          //********************************************************************************************************
             -***
  16          #include "N76E003.h"
  17          #include "SFR_Macro.h"
  18          #include "Function_define.h"
  19          #include "Common.h"
  20          #include "Delay.h"
  21          
  22          
  23          unsigned char temp _at_ 0x08;
  24          unsigned char idata itemp _at_ 0x80;
  25          unsigned char xdata xtemp _at_ 0x80;
  26          
  27          /*==========================================================================*/
  28          void main (void) 
  29          {
  30   1          InitialUART1_Timer3(115200);
  31   1          TI_1 = 1;
  32   1          while(1)
  33   1          {
  34   2            printf("\n hello world");
  35   2            Timer0_Delay1ms(300);
  36   2          }
  37   1      }


MODULE INFORMATION:   STATIC OVERLAYABLE
   CODE SIZE        =     36    ----
   CONSTANT SIZE    =     14    ----
   XDATA SIZE       =   ----    ----
   PDATA SIZE       =   ----    ----
   DATA SIZE        =   ----    ----
C51 COMPILER V9.60.0.0   PRINT_UART1                                                       04/08/2021 10:35:43 PAGE 2   

   IDATA SIZE       =   ----    ----
   BIT SIZE         =   ----    ----
END OF MODULE INFORMATION.


C51 COMPILATION COMPLETE.  0 WARNING(S),  0 ERROR(S)
