C51 COMPILER V9.60.0.0   PUTCHAR                                                           04/08/2021 10:35:43 PAGE 1   


C51 COMPILER V9.60.0.0, COMPILATION OF MODULE PUTCHAR
OBJECT MODULE PLACED IN .\Output\PUTCHAR.obj
COMPILER INVOKED BY: C:\Keil_v5\C51\BIN\C51.EXE Code\PUTCHAR.C OPTIMIZE(4,SPEED) BROWSE INCDIR(..\..\Include) DEFINE(FOS
                    -C_160000) DEBUG OBJECTEXTEND PRINT(.\LST\PUTCHAR.lst) TABS(2) OBJECT(.\Output\PUTCHAR.obj)

line level    source

   1          /***********************************************************************/
   2          /*  This file is part of the C51 Compiler package                      */
   3          /*  Copyright KEIL ELEKTRONIK GmbH 1990 - 2002                         */
   4          /***********************************************************************/
   5          /*                                                                     */
   6          /*  PUTCHAR.C:  This routine is the general character output of C51.   */
   7          /*  You may add this file to a uVision2 project.                       */
   8          /*                                                                     */
   9          /*  To translate this file use C51 with the following invocation:      */
  10          /*     C51 PUTCHAR.C <memory model>                                    */
  11          /*                                                                     */
  12          /*  To link the modified PUTCHAR.OBJ file to your application use the  */
  13          /*  following Lx51 invocation:                                         */
  14          /*     Lx51 <your object file list>, PUTCHAR.OBJ <controls>            */
  15          /*                                                                     */
  16          /***********************************************************************/
  17          
  18          //#include <reg51.h>
  19          #include "N76E003.h"
  20          
  21          /****************************************************************************/
  22          /* Define putchar send from UART1, printf function will send from P1.6(TXD_1)
  23          /* NOTICE: Since UART1 pin is multi-function with OCD DATA/CLK pin.
  24          /* Suggest download than use run with realchip but not OCD mode.
  25          /****************************************************************************/
  26          #if 1
  27          char putchar (char c)       //for UART1_printf
  28          {
  29   1          while (!TI_1);  /* wait until transmitter ready */
  30   1          TI_1 = 0;
  31   1          SBUF_1 = c;      /* output character */
  32   1          return (c);
  33   1      }
  34          #else
              /*
               * putchar (mini version): outputs charcter only
               */
              char putchar (char c)       //for UART0_printf
              {       
                while (!TI);
                TI = 0;
                return (SBUF = c);
              }
              
              #endif


MODULE INFORMATION:   STATIC OVERLAYABLE
   CODE SIZE        =      8    ----
   CONSTANT SIZE    =   ----    ----
   XDATA SIZE       =   ----    ----
   PDATA SIZE       =   ----    ----
   DATA SIZE        =   ----    ----
   IDATA SIZE       =   ----    ----
C51 COMPILER V9.60.0.0   PUTCHAR                                                           04/08/2021 10:35:43 PAGE 2   

   BIT SIZE         =   ----    ----
END OF MODULE INFORMATION.


C51 COMPILATION COMPLETE.  0 WARNING(S),  0 ERROR(S)
