C51 COMPILER V9.60.0.0   FLAG_INIT                                                         05/04/2022 17:22:54 PAGE 1   


C51 COMPILER V9.60.0.0, COMPILATION OF MODULE FLAG_INIT
OBJECT MODULE PLACED IN .\Objects\Flag_Init.obj
COMPILER INVOKED BY: C:\Keil_v5\C51\BIN\C51.EXE code\src\Flag_Init.c OPTIMIZE(8,SPEED) BROWSE INCDIR(.\code\inc) DEBUG O
                    -BJECTEXTEND PRINT(.\Listings\Flag_Init.lst) OBJECT(.\Objects\Flag_Init.obj)

line level    source

   1          
   2          #include "N76E003.h"
   3          #include "SFR_Macro.h"
   4          #include "Function_Define.h"
   5          #include "Common.h"
   6          #include "Define.h"
   7          
   8          extern void Flags_Init(void);
   9          
  10          void Flags_Init(void){
  11   1      
  12   1      }


MODULE INFORMATION:   STATIC OVERLAYABLE
   CODE SIZE        =      1    ----
   CONSTANT SIZE    =   ----    ----
   XDATA SIZE       =   ----    ----
   PDATA SIZE       =   ----    ----
   DATA SIZE        =   ----    ----
   IDATA SIZE       =   ----    ----
   BIT SIZE         =   ----    ----
END OF MODULE INFORMATION.


C51 COMPILATION COMPLETE.  0 WARNING(S),  0 ERROR(S)
