C51 COMPILER V9.60.0.0   MAIN                                                              05/04/2022 17:22:53 PAGE 1   


C51 COMPILER V9.60.0.0, COMPILATION OF MODULE MAIN
OBJECT MODULE PLACED IN .\Objects\main.obj
COMPILER INVOKED BY: C:\Keil_v5\C51\BIN\C51.EXE code\src\main.c OPTIMIZE(8,SPEED) BROWSE INCDIR(.\code\inc) DEBUG OBJECT
                    -EXTEND PRINT(.\Listings\main.lst) OBJECT(.\Objects\main.obj)

line level    source

   1          #include "main.h"
   2          #include "N76E003.h"
   3          #include "SFR_Macro.h"
   4          #include "Function_Define.h"
   5          #include "Common.h"
   6          #include "Define.h"
   7          
   8          SysClock_TypeDef tSysClock;
   9          
  10          
  11          
  12          void main(void)
  13          {
  14   1              MCU_Init();
  15   1              Flags_Init();
  16   1              
  17   1              while(1)
  18   1                      {
  19   2                                      ADC_Refresh();
  20   2                                      
  21   2              
  22   2                      }
  23   1      }
  24          
  25          
  26           void Timer3_ISR (void) interrupt 16 
  27          {
  28   1                clr_TF3;
  29   1                      SysClockCount();
  30   1      }
  31          
  32          static void SysClockCount(void)
  33          {
  34   1              tSysClock.Tick500us++;
  35   1      
  36   1              if(tSysClock.Tick500us >10)     //
  37   1              {
  38   2                                      
  39   2                                      tSysClock.Tick500us = 0;
  40   2                                      tSysClock.Tick5ms++;
  41   2                              if (tSysClock.ADCCount!=0)
  42   2                      {
  43   3                                      tSysClock.ADCCount--;
  44   3                      }
  45   2                              if (tSysClock.UserCtrlCount!=0)
  46   2                              {
  47   3                                      tSysClock.UserCtrlCount--;
  48   3                              }
  49   2              }
  50   1      }


MODULE INFORMATION:   STATIC OVERLAYABLE
   CODE SIZE        =    132    ----
C51 COMPILER V9.60.0.0   MAIN                                                              05/04/2022 17:22:53 PAGE 2   

   CONSTANT SIZE    =   ----    ----
   XDATA SIZE       =   ----    ----
   PDATA SIZE       =   ----    ----
   DATA SIZE        =     14    ----
   IDATA SIZE       =   ----    ----
   BIT SIZE         =   ----    ----
END OF MODULE INFORMATION.


C51 COMPILATION COMPLETE.  0 WARNING(S),  0 ERROR(S)
