C51 COMPILER V9.60.0.0   PWM                                                               05/04/2022 17:22:54 PAGE 1   


C51 COMPILER V9.60.0.0, COMPILATION OF MODULE PWM
OBJECT MODULE PLACED IN .\Objects\PWM.obj
COMPILER INVOKED BY: C:\Keil_v5\C51\BIN\C51.EXE code\src\PWM.c OPTIMIZE(8,SPEED) BROWSE INCDIR(.\code\inc) DEBUG OBJECTE
                    -XTEND PRINT(.\Listings\PWM.lst) OBJECT(.\Objects\PWM.obj)

line level    source

   1          #include "N76E003.h"
   2          #include "SFR_Macro.h"
   3          #include "Function_Define.h"
   4          #include "Common.h"
   5          #include "Define.h"
   6          
   7          void PWM_Set(UINT8 duty){
   8   1                      set_SFRPAGE; //PWM4\5 SETTING
   9   1                      PWM4H = (0xff00&duty)>>8;//Lower bridge P01
  10   1                      PWM4L = 0x28+(0xff&duty)*2;
  11   1                      PWM5H = PWM4H;
  12   1                      PWM5L = PWM4L;
  13   1                      set_LOAD;
  14   1                      set_PWMRUN;
  15   1      }
  16          
  17          UINT8 PWM_Get(UINT16 ThrottleVol){
  18   1                      UINT8 duty;
  19   1                      duty = (ThrottleVol-1000)/28;
  20   1                      return duty;
  21   1      }
  22          
  23          
  24          
  25                  
  26                          


MODULE INFORMATION:   STATIC OVERLAYABLE
   CODE SIZE        =     57    ----
   CONSTANT SIZE    =   ----    ----
   XDATA SIZE       =   ----    ----
   PDATA SIZE       =   ----    ----
   DATA SIZE        =   ----    ----
   IDATA SIZE       =   ----    ----
   BIT SIZE         =   ----    ----
END OF MODULE INFORMATION.


C51 COMPILATION COMPLETE.  0 WARNING(S),  0 ERROR(S)
