C51 COMPILER V9.60.0.0   MAIN                                                              04/13/2022 23:59:46 PAGE 1   


C51 COMPILER V9.60.0.0, COMPILATION OF MODULE MAIN
OBJECT MODULE PLACED IN .\Objects\main.obj
COMPILER INVOKED BY: C:\Keil_v5\C51\BIN\C51.EXE main.c COMPACT OPTIMIZE(0,SPEED) BROWSE INCDIR(..\Include) DEFINE(FOSC_1
                    -60000) DEBUG OBJECTEXTEND PRINT(.\Listings\main.lst) OBJECT(.\Objects\main.obj)

line level    source

   1          #include "N76E003.h"
   2          #include "SFR_Macro.h"
   3          #include "Function_define.h"
   4          #include "Common.h"
   5          #include "Delay.h"
   6          #include "Motor_control.h"
   7          
   8          
   9          
  10          void main()
  11          {
  12   1              u8 i=1;
  13   1              System_init();
  14   1              while(1)
  15   1              {
  16   2                      if(i)
  17   2                      {
  18   3                              PWM2L++;
  19   3                              if(PWM2L==255)
  20   3                                      i=0;
  21   3                              Ramp_up;
  22   3                      }
  23   2                      else
  24   2                      {
  25   3                              PWM2L--;
  26   3                              if(PWM2L==0)
  27   3                                      i=1;
  28   3                              Ramp_up;
  29   3                      }
  30   2                      if(PWM1L<=255)
  31   2                      {
  32   3                              PWM1L++;
  33   3                              Ramp_up;
  34   3                      }
  35   2                      else
  36   2                      {
  37   3                              PWM2L--;
  38   3                              Ramp_up;
  39   3                      }
  40   2              }
  41   1      }


MODULE INFORMATION:   STATIC OVERLAYABLE
   CODE SIZE        =    132    ----
   CONSTANT SIZE    =   ----    ----
   XDATA SIZE       =   ----    ----
   PDATA SIZE       =      1    ----
   DATA SIZE        =   ----    ----
   IDATA SIZE       =   ----    ----
   BIT SIZE         =   ----    ----
END OF MODULE INFORMATION.


C51 COMPILATION COMPLETE.  0 WARNING(S),  0 ERROR(S)
